2022-02-19 00:19:25.655 [34mINFO [0;39m [restartedMain] [36mcom.pinxixi.PinxixiApplication[0;39m - [35m[logStarting,55][0;39m : Starting PinxixiApplication using Java 1.8.0_202 on yetms-MacBook-Pro.local with PID 4290 (/Users/ytm/IdeaProjects/pinxixi-server/target/classes started by ytm in /Users/ytm/IdeaProjects/pinxixi-server)
2022-02-19 00:19:25.660 [34mINFO [0;39m [restartedMain] [36mcom.pinxixi.PinxixiApplication[0;39m - [35m[logStartupProfileInfo,637][0;39m : No active profile set, falling back to default profiles: default
2022-02-19 00:19:26.681 [34mINFO [0;39m [restartedMain] [36morg.apache.coyote.http11.Http11NioProtocol[0;39m - [35m[log,173][0;39m : Initializing ProtocolHandler ["http-nio-9090"]
2022-02-19 00:19:26.682 [34mINFO [0;39m [restartedMain] [36morg.apache.catalina.core.StandardService[0;39m - [35m[log,173][0;39m : Starting service [Tomcat]
2022-02-19 00:19:26.683 [34mINFO [0;39m [restartedMain] [36morg.apache.catalina.core.StandardEngine[0;39m - [35m[log,173][0;39m : Starting Servlet engine: [Apache Tomcat/9.0.56]
2022-02-19 00:19:26.737 [34mINFO [0;39m [restartedMain] [36morg.apache.catalina.core.ContainerBase.[Tomcat].[localhost].[/][0;39m - [35m[log,173][0;39m : Initializing Spring embedded WebApplicationContext
2022-02-19 00:19:27.088 [34mINFO [0;39m [restartedMain] [36mspringfox.documentation.spring.web.PropertySourcedRequestMappingHandlerMapping[0;39m - [35m[initHandlerMethods,69][0;39m : Mapped URL path [/v2/api-docs] onto method [springfox.documentation.swagger2.web.Swagger2Controller#getDocumentation(String, HttpServletRequest)]
2022-02-19 00:19:27.496 [34mINFO [0;39m [restartedMain] [36morg.apache.coyote.http11.Http11NioProtocol[0;39m - [35m[log,173][0;39m : Starting ProtocolHandler ["http-nio-9090"]
2022-02-19 00:19:27.519 [34mINFO [0;39m [restartedMain] [36mspringfox.documentation.spring.web.plugins.DocumentationPluginsBootstrapper[0;39m - [35m[start,160][0;39m : Context refreshed
2022-02-19 00:19:27.533 [34mINFO [0;39m [restartedMain] [36mspringfox.documentation.spring.web.plugins.DocumentationPluginsBootstrapper[0;39m - [35m[start,163][0;39m : Found 1 custom documentation plugin(s)
2022-02-19 00:19:27.544 [34mINFO [0;39m [restartedMain] [36morg.apache.coyote.http11.Http11NioProtocol[0;39m - [35m[log,173][0;39m : Pausing ProtocolHandler ["http-nio-9090"]
2022-02-19 00:19:27.545 [34mINFO [0;39m [restartedMain] [36morg.apache.catalina.core.StandardService[0;39m - [35m[log,173][0;39m : Stopping service [Tomcat]
2022-02-19 00:19:27.548 [34mINFO [0;39m [restartedMain] [36morg.apache.coyote.http11.Http11NioProtocol[0;39m - [35m[log,173][0;39m : Stopping ProtocolHandler ["http-nio-9090"]
2022-02-19 00:19:27.551 [34mINFO [0;39m [restartedMain] [36morg.apache.coyote.http11.Http11NioProtocol[0;39m - [35m[log,173][0;39m : Destroying ProtocolHandler ["http-nio-9090"]
2022-02-19 14:15:54.743 [34mINFO [0;39m [restartedMain] [36mcom.pinxixi.PinxixiApplication[0;39m - [35m[logStarting,55][0;39m : Starting PinxixiApplication using Java 1.8.0_202 on yetms-MacBook-Pro.local with PID 925 (/Users/ytm/IdeaProjects/pinxixi-server/target/classes started by ytm in /Users/ytm/IdeaProjects/pinxixi-server)
2022-02-19 14:15:54.744 [34mINFO [0;39m [restartedMain] [36mcom.pinxixi.PinxixiApplication[0;39m - [35m[logStartupProfileInfo,637][0;39m : No active profile set, falling back to default profiles: default
2022-02-19 14:15:56.186 [34mINFO [0;39m [restartedMain] [36morg.apache.coyote.http11.Http11NioProtocol[0;39m - [35m[log,173][0;39m : Initializing ProtocolHandler ["http-nio-9090"]
2022-02-19 14:15:56.187 [34mINFO [0;39m [restartedMain] [36morg.apache.catalina.core.StandardService[0;39m - [35m[log,173][0;39m : Starting service [Tomcat]
2022-02-19 14:15:56.188 [34mINFO [0;39m [restartedMain] [36morg.apache.catalina.core.StandardEngine[0;39m - [35m[log,173][0;39m : Starting Servlet engine: [Apache Tomcat/9.0.56]
2022-02-19 14:15:56.256 [34mINFO [0;39m [restartedMain] [36morg.apache.catalina.core.ContainerBase.[Tomcat].[localhost].[/][0;39m - [35m[log,173][0;39m : Initializing Spring embedded WebApplicationContext
2022-02-19 14:15:56.758 [34mINFO [0;39m [restartedMain] [36mspringfox.documentation.spring.web.PropertySourcedRequestMappingHandlerMapping[0;39m - [35m[initHandlerMethods,69][0;39m : Mapped URL path [/v2/api-docs] onto method [springfox.documentation.swagger2.web.Swagger2Controller#getDocumentation(String, HttpServletRequest)]
2022-02-19 14:15:57.357 [34mINFO [0;39m [restartedMain] [36morg.apache.coyote.http11.Http11NioProtocol[0;39m - [35m[log,173][0;39m : Starting ProtocolHandler ["http-nio-9090"]
2022-02-19 14:15:57.403 [34mINFO [0;39m [restartedMain] [36mspringfox.documentation.spring.web.plugins.DocumentationPluginsBootstrapper[0;39m - [35m[start,160][0;39m : Context refreshed
2022-02-19 14:15:57.432 [34mINFO [0;39m [restartedMain] [36mspringfox.documentation.spring.web.plugins.DocumentationPluginsBootstrapper[0;39m - [35m[start,163][0;39m : Found 1 custom documentation plugin(s)
2022-02-19 14:15:57.459 [34mINFO [0;39m [restartedMain] [36morg.apache.coyote.http11.Http11NioProtocol[0;39m - [35m[log,173][0;39m : Pausing ProtocolHandler ["http-nio-9090"]
2022-02-19 14:15:57.460 [34mINFO [0;39m [restartedMain] [36morg.apache.catalina.core.StandardService[0;39m - [35m[log,173][0;39m : Stopping service [Tomcat]
2022-02-19 14:15:57.466 [34mINFO [0;39m [restartedMain] [36morg.apache.coyote.http11.Http11NioProtocol[0;39m - [35m[log,173][0;39m : Stopping ProtocolHandler ["http-nio-9090"]
2022-02-19 14:15:57.472 [34mINFO [0;39m [restartedMain] [36morg.apache.coyote.http11.Http11NioProtocol[0;39m - [35m[log,173][0;39m : Destroying ProtocolHandler ["http-nio-9090"]
2022-02-19 14:20:13.307 [34mINFO [0;39m [restartedMain] [36mcom.pinxixi.PinxixiApplication[0;39m - [35m[logStarting,55][0;39m : Starting PinxixiApplication using Java 1.8.0_202 on yetms-MacBook-Pro.local with PID 1001 (/Users/ytm/IdeaProjects/pinxixi-server/target/classes started by ytm in /Users/ytm/IdeaProjects/pinxixi-server)
2022-02-19 14:20:13.309 [34mINFO [0;39m [restartedMain] [36mcom.pinxixi.PinxixiApplication[0;39m - [35m[logStartupProfileInfo,637][0;39m : No active profile set, falling back to default profiles: default
2022-02-19 14:20:20.083 [34mINFO [0;39m [restartedMain] [36morg.apache.coyote.http11.Http11NioProtocol[0;39m - [35m[log,173][0;39m : Initializing ProtocolHandler ["http-nio-9090"]
2022-02-19 14:20:20.087 [34mINFO [0;39m [restartedMain] [36morg.apache.catalina.core.StandardService[0;39m - [35m[log,173][0;39m : Starting service [Tomcat]
2022-02-19 14:20:20.090 [34mINFO [0;39m [restartedMain] [36morg.apache.catalina.core.StandardEngine[0;39m - [35m[log,173][0;39m : Starting Servlet engine: [Apache Tomcat/9.0.56]
2022-02-19 14:20:20.456 [34mINFO [0;39m [restartedMain] [36morg.apache.catalina.core.ContainerBase.[Tomcat].[localhost].[/][0;39m - [35m[log,173][0;39m : Initializing Spring embedded WebApplicationContext
2022-02-19 14:20:22.777 [34mINFO [0;39m [restartedMain] [36mspringfox.documentation.spring.web.PropertySourcedRequestMappingHandlerMapping[0;39m - [35m[initHandlerMethods,69][0;39m : Mapped URL path [/v2/api-docs] onto method [springfox.documentation.swagger2.web.Swagger2Controller#getDocumentation(String, HttpServletRequest)]
2022-02-19 14:20:25.191 [34mINFO [0;39m [restartedMain] [36morg.apache.coyote.http11.Http11NioProtocol[0;39m - [35m[log,173][0;39m : Starting ProtocolHandler ["http-nio-9090"]
2022-02-19 14:20:25.346 [34mINFO [0;39m [restartedMain] [36mspringfox.documentation.spring.web.plugins.DocumentationPluginsBootstrapper[0;39m - [35m[start,160][0;39m : Context refreshed
2022-02-19 14:20:25.445 [34mINFO [0;39m [restartedMain] [36mspringfox.documentation.spring.web.plugins.DocumentationPluginsBootstrapper[0;39m - [35m[start,163][0;39m : Found 1 custom documentation plugin(s)
2022-02-19 14:20:25.638 [34mINFO [0;39m [restartedMain] [36mspringfox.documentation.spring.web.scanners.ApiListingReferenceScanner[0;39m - [35m[scan,41][0;39m : Scanning for api listing references
2022-02-19 14:20:26.121 [34mINFO [0;39m [restartedMain] [36mcom.pinxixi.PinxixiApplication[0;39m - [35m[logStarted,61][0;39m : Started PinxixiApplication in 35.695 seconds (JVM running for 45.337)
2022-02-19 14:52:30.195 [34mINFO [0;39m [restartedMain] [36mcom.pinxixi.PinxixiApplication[0;39m - [35m[logStarting,55][0;39m : Starting PinxixiApplication using Java 1.8.0_202 on yetms-MacBook-Pro.local with PID 1365 (/Users/ytm/IdeaProjects/pinxixi-server/target/classes started by ytm in /Users/ytm/IdeaProjects/pinxixi-server)
2022-02-19 14:52:30.197 [34mINFO [0;39m [restartedMain] [36mcom.pinxixi.PinxixiApplication[0;39m - [35m[logStartupProfileInfo,637][0;39m : No active profile set, falling back to default profiles: default
2022-02-19 14:52:32.319 [34mINFO [0;39m [restartedMain] [36morg.apache.coyote.http11.Http11NioProtocol[0;39m - [35m[log,173][0;39m : Initializing ProtocolHandler ["http-nio-9090"]
2022-02-19 14:52:32.321 [34mINFO [0;39m [restartedMain] [36morg.apache.catalina.core.StandardService[0;39m - [35m[log,173][0;39m : Starting service [Tomcat]
2022-02-19 14:52:32.321 [34mINFO [0;39m [restartedMain] [36morg.apache.catalina.core.StandardEngine[0;39m - [35m[log,173][0;39m : Starting Servlet engine: [Apache Tomcat/9.0.56]
2022-02-19 14:52:32.409 [34mINFO [0;39m [restartedMain] [36morg.apache.catalina.core.ContainerBase.[Tomcat].[localhost].[/][0;39m - [35m[log,173][0;39m : Initializing Spring embedded WebApplicationContext
2022-02-19 14:52:32.809 [34mINFO [0;39m [restartedMain] [36mspringfox.documentation.spring.web.PropertySourcedRequestMappingHandlerMapping[0;39m - [35m[initHandlerMethods,69][0;39m : Mapped URL path [/v2/api-docs] onto method [springfox.documentation.swagger2.web.Swagger2Controller#getDocumentation(String, HttpServletRequest)]
2022-02-19 14:52:33.301 [34mINFO [0;39m [restartedMain] [36morg.apache.coyote.http11.Http11NioProtocol[0;39m - [35m[log,173][0;39m : Starting ProtocolHandler ["http-nio-9090"]
2022-02-19 14:52:33.334 [34mINFO [0;39m [restartedMain] [36mspringfox.documentation.spring.web.plugins.DocumentationPluginsBootstrapper[0;39m - [35m[start,160][0;39m : Context refreshed
2022-02-19 14:52:33.348 [34mINFO [0;39m [restartedMain] [36mspringfox.documentation.spring.web.plugins.DocumentationPluginsBootstrapper[0;39m - [35m[start,163][0;39m : Found 1 custom documentation plugin(s)
2022-02-19 14:52:33.376 [34mINFO [0;39m [restartedMain] [36mspringfox.documentation.spring.web.scanners.ApiListingReferenceScanner[0;39m - [35m[scan,41][0;39m : Scanning for api listing references
2022-02-19 14:52:33.452 [34mINFO [0;39m [restartedMain] [36mcom.pinxixi.PinxixiApplication[0;39m - [35m[logStarted,61][0;39m : Started PinxixiApplication in 4.136 seconds (JVM running for 5.567)
2022-02-19 14:54:27.011 [34mINFO [0;39m [http-nio-9090-exec-2] [36morg.apache.catalina.core.ContainerBase.[Tomcat].[localhost].[/][0;39m - [35m[log,173][0;39m : Initializing Spring DispatcherServlet 'dispatcherServlet'
2022-02-19 15:09:23.537 [34mINFO [0;39m [restartedMain] [36mcom.pinxixi.PinxixiApplication[0;39m - [35m[logStarting,55][0;39m : Starting PinxixiApplication using Java 1.8.0_202 on yetms-MacBook-Pro.local with PID 1734 (/Users/ytm/IdeaProjects/pinxixi-server/target/classes started by ytm in /Users/ytm/IdeaProjects/pinxixi-server)
2022-02-19 15:09:23.540 [34mINFO [0;39m [restartedMain] [36mcom.pinxixi.PinxixiApplication[0;39m - [35m[logStartupProfileInfo,637][0;39m : No active profile set, falling back to default profiles: default
2022-02-19 15:09:25.664 [34mINFO [0;39m [restartedMain] [36morg.apache.coyote.http11.Http11NioProtocol[0;39m - [35m[log,173][0;39m : Initializing ProtocolHandler ["http-nio-9090"]
2022-02-19 15:09:25.665 [34mINFO [0;39m [restartedMain] [36morg.apache.catalina.core.StandardService[0;39m - [35m[log,173][0;39m : Starting service [Tomcat]
2022-02-19 15:09:25.665 [34mINFO [0;39m [restartedMain] [36morg.apache.catalina.core.StandardEngine[0;39m - [35m[log,173][0;39m : Starting Servlet engine: [Apache Tomcat/9.0.56]
2022-02-19 15:09:25.740 [34mINFO [0;39m [restartedMain] [36morg.apache.catalina.core.ContainerBase.[Tomcat].[localhost].[/][0;39m - [35m[log,173][0;39m : Initializing Spring embedded WebApplicationContext
2022-02-19 15:09:26.640 [34mINFO [0;39m [restartedMain] [36morg.apache.coyote.http11.Http11NioProtocol[0;39m - [35m[log,173][0;39m : Starting ProtocolHandler ["http-nio-9090"]
2022-02-19 15:09:26.779 [34mINFO [0;39m [restartedMain] [36mcom.pinxixi.PinxixiApplication[0;39m - [35m[logStarted,61][0;39m : Started PinxixiApplication in 4.58 seconds (JVM running for 5.953)
2022-02-19 15:09:35.313 [34mINFO [0;39m [http-nio-9090-exec-1] [36morg.apache.catalina.core.ContainerBase.[Tomcat].[localhost].[/][0;39m - [35m[log,173][0;39m : Initializing Spring DispatcherServlet 'dispatcherServlet'
2022-02-19 15:15:02.727 [34mINFO [0;39m [restartedMain] [36mcom.pinxixi.PinxixiApplication[0;39m - [35m[logStarting,55][0;39m : Starting PinxixiApplication using Java 1.8.0_202 on yetms-MacBook-Pro.local with PID 1804 (/Users/ytm/IdeaProjects/pinxixi-server/target/classes started by ytm in /Users/ytm/IdeaProjects/pinxixi-server)
2022-02-19 15:15:02.730 [34mINFO [0;39m [restartedMain] [36mcom.pinxixi.PinxixiApplication[0;39m - [35m[logStartupProfileInfo,637][0;39m : No active profile set, falling back to default profiles: default
2022-02-19 15:15:05.870 [34mINFO [0;39m [restartedMain] [36morg.apache.coyote.http11.Http11NioProtocol[0;39m - [35m[log,173][0;39m : Initializing ProtocolHandler ["http-nio-9090"]
2022-02-19 15:15:05.871 [34mINFO [0;39m [restartedMain] [36morg.apache.catalina.core.StandardService[0;39m - [35m[log,173][0;39m : Starting service [Tomcat]
2022-02-19 15:15:05.872 [34mINFO [0;39m [restartedMain] [36morg.apache.catalina.core.StandardEngine[0;39m - [35m[log,173][0;39m : Starting Servlet engine: [Apache Tomcat/9.0.56]
2022-02-19 15:15:05.937 [34mINFO [0;39m [restartedMain] [36morg.apache.catalina.core.ContainerBase.[Tomcat].[localhost].[/][0;39m - [35m[log,173][0;39m : Initializing Spring embedded WebApplicationContext
2022-02-19 15:15:07.024 [34mINFO [0;39m [restartedMain] [36morg.apache.coyote.http11.Http11NioProtocol[0;39m - [35m[log,173][0;39m : Starting ProtocolHandler ["http-nio-9090"]
2022-02-19 15:15:07.108 [34mINFO [0;39m [restartedMain] [36mcom.pinxixi.PinxixiApplication[0;39m - [35m[logStarted,61][0;39m : Started PinxixiApplication in 5.21 seconds (JVM running for 6.653)
2022-02-19 15:15:13.637 [34mINFO [0;39m [http-nio-9090-exec-1] [36morg.apache.catalina.core.ContainerBase.[Tomcat].[localhost].[/][0;39m - [35m[log,173][0;39m : Initializing Spring DispatcherServlet 'dispatcherServlet'
2022-02-19 15:19:58.334 [34mINFO [0;39m [restartedMain] [36mcom.pinxixi.PinxixiApplication[0;39m - [35m[logStarting,55][0;39m : Starting PinxixiApplication using Java 1.8.0_202 on yetms-MacBook-Pro.local with PID 1883 (/Users/ytm/IdeaProjects/pinxixi-server/target/classes started by ytm in /Users/ytm/IdeaProjects/pinxixi-server)
2022-02-19 15:19:58.336 [34mINFO [0;39m [restartedMain] [36mcom.pinxixi.PinxixiApplication[0;39m - [35m[logStartupProfileInfo,637][0;39m : No active profile set, falling back to default profiles: default
2022-02-19 15:20:00.769 [34mINFO [0;39m [restartedMain] [36morg.apache.coyote.http11.Http11NioProtocol[0;39m - [35m[log,173][0;39m : Initializing ProtocolHandler ["http-nio-9090"]
2022-02-19 15:20:00.771 [34mINFO [0;39m [restartedMain] [36morg.apache.catalina.core.StandardService[0;39m - [35m[log,173][0;39m : Starting service [Tomcat]
2022-02-19 15:20:00.772 [34mINFO [0;39m [restartedMain] [36morg.apache.catalina.core.StandardEngine[0;39m - [35m[log,173][0;39m : Starting Servlet engine: [Apache Tomcat/9.0.56]
2022-02-19 15:20:00.859 [34mINFO [0;39m [restartedMain] [36morg.apache.catalina.core.ContainerBase.[Tomcat].[localhost].[/][0;39m - [35m[log,173][0;39m : Initializing Spring embedded WebApplicationContext
2022-02-19 15:20:02.212 [34mINFO [0;39m [restartedMain] [36morg.apache.coyote.http11.Http11NioProtocol[0;39m - [35m[log,173][0;39m : Starting ProtocolHandler ["http-nio-9090"]
2022-02-19 15:20:02.339 [34mINFO [0;39m [restartedMain] [36mcom.pinxixi.PinxixiApplication[0;39m - [35m[logStarted,61][0;39m : Started PinxixiApplication in 4.63 seconds (JVM running for 5.925)
2022-02-19 15:20:05.362 [34mINFO [0;39m [http-nio-9090-exec-2] [36morg.apache.catalina.core.ContainerBase.[Tomcat].[localhost].[/][0;39m - [35m[log,173][0;39m : Initializing Spring DispatcherServlet 'dispatcherServlet'
2022-02-19 15:23:44.127 [34mINFO [0;39m [restartedMain] [36mcom.pinxixi.PinxixiApplication[0;39m - [35m[logStarting,55][0;39m : Starting PinxixiApplication using Java 1.8.0_202 on yetms-MacBook-Pro.local with PID 1927 (/Users/ytm/IdeaProjects/pinxixi-server/target/classes started by ytm in /Users/ytm/IdeaProjects/pinxixi-server)
2022-02-19 15:23:44.131 [34mINFO [0;39m [restartedMain] [36mcom.pinxixi.PinxixiApplication[0;39m - [35m[logStartupProfileInfo,637][0;39m : No active profile set, falling back to default profiles: default
2022-02-19 15:23:47.037 [34mINFO [0;39m [restartedMain] [36morg.apache.coyote.http11.Http11NioProtocol[0;39m - [35m[log,173][0;39m : Initializing ProtocolHandler ["http-nio-9090"]
2022-02-19 15:23:47.039 [34mINFO [0;39m [restartedMain] [36morg.apache.catalina.core.StandardService[0;39m - [35m[log,173][0;39m : Starting service [Tomcat]
2022-02-19 15:23:47.039 [34mINFO [0;39m [restartedMain] [36morg.apache.catalina.core.StandardEngine[0;39m - [35m[log,173][0;39m : Starting Servlet engine: [Apache Tomcat/9.0.56]
2022-02-19 15:23:47.147 [34mINFO [0;39m [restartedMain] [36morg.apache.catalina.core.ContainerBase.[Tomcat].[localhost].[/][0;39m - [35m[log,173][0;39m : Initializing Spring embedded WebApplicationContext
2022-02-19 15:23:48.366 [34mINFO [0;39m [restartedMain] [36morg.apache.coyote.http11.Http11NioProtocol[0;39m - [35m[log,173][0;39m : Starting ProtocolHandler ["http-nio-9090"]
2022-02-19 15:23:48.530 [34mINFO [0;39m [restartedMain] [36mcom.pinxixi.PinxixiApplication[0;39m - [35m[logStarted,61][0;39m : Started PinxixiApplication in 5.348 seconds (JVM running for 6.81)
2022-02-19 15:23:53.048 [34mINFO [0;39m [http-nio-9090-exec-1] [36morg.apache.catalina.core.ContainerBase.[Tomcat].[localhost].[/][0;39m - [35m[log,173][0;39m : Initializing Spring DispatcherServlet 'dispatcherServlet'
2022-02-19 15:25:01.605 [34mINFO [0;39m [restartedMain] [36mcom.pinxixi.PinxixiApplication[0;39m - [35m[logStarting,55][0;39m : Starting PinxixiApplication using Java 1.8.0_202 on yetms-MacBook-Pro.local with PID 1946 (/Users/ytm/IdeaProjects/pinxixi-server/target/classes started by ytm in /Users/ytm/IdeaProjects/pinxixi-server)
2022-02-19 15:25:01.622 [34mINFO [0;39m [restartedMain] [36mcom.pinxixi.PinxixiApplication[0;39m - [35m[logStartupProfileInfo,637][0;39m : No active profile set, falling back to default profiles: default
2022-02-19 15:25:05.733 [34mINFO [0;39m [restartedMain] [36morg.apache.coyote.http11.Http11NioProtocol[0;39m - [35m[log,173][0;39m : Initializing ProtocolHandler ["http-nio-9090"]
2022-02-19 15:25:05.737 [34mINFO [0;39m [restartedMain] [36morg.apache.catalina.core.StandardService[0;39m - [35m[log,173][0;39m : Starting service [Tomcat]
2022-02-19 15:25:05.738 [34mINFO [0;39m [restartedMain] [36morg.apache.catalina.core.StandardEngine[0;39m - [35m[log,173][0;39m : Starting Servlet engine: [Apache Tomcat/9.0.56]
2022-02-19 15:25:05.811 [34mINFO [0;39m [restartedMain] [36morg.apache.catalina.core.ContainerBase.[Tomcat].[localhost].[/][0;39m - [35m[log,173][0;39m : Initializing Spring embedded WebApplicationContext
2022-02-19 15:25:07.248 [34mINFO [0;39m [restartedMain] [36morg.apache.coyote.http11.Http11NioProtocol[0;39m - [35m[log,173][0;39m : Starting ProtocolHandler ["http-nio-9090"]
2022-02-19 15:25:07.427 [34mINFO [0;39m [restartedMain] [36mcom.pinxixi.PinxixiApplication[0;39m - [35m[logStarted,61][0;39m : Started PinxixiApplication in 7.319 seconds (JVM running for 8.969)
2022-02-19 15:25:07.595 [34mINFO [0;39m [http-nio-9090-exec-1] [36morg.apache.catalina.core.ContainerBase.[Tomcat].[localhost].[/][0;39m - [35m[log,173][0;39m : Initializing Spring DispatcherServlet 'dispatcherServlet'
